<?xml version="1.0" encoding="UTF-8"?>
<!-- Generated by org.testng.reporters.JUnitReportReporter -->
<testsuite skipped="0" hostname="DESKTOP-CB3S4U6" name="com.jenkinstest.jenkintest" tests="1" failures="0" timestamp="2021-09-10T20:11:06 IST" time="0.084" errors="0">
  <testcase name="jenkitest" time="0.084" classname="com.jenkinstest.jenkintest"/>
  <system-out>
    <![CDATA[sucessful]]>
  </system-out>
</testsuite> <!-- com.jenkinstest.jenkintest -->
